2024-12-27 00:11:54 [SpringApplicationShutdownHook] INFO  o.s.o.j.LocalContainerEntityManagerFactoryBean - Closing JPA EntityManagerFactory for persistence unit 'default'
2024-12-27 00:11:54 [SpringApplicationShutdownHook] INFO  com.zaxxer.hikari.HikariDataSource - HikariPool-1 - Shutdown initiated...
2024-12-27 00:11:54 [SpringApplicationShutdownHook] INFO  com.zaxxer.hikari.HikariDataSource - HikariPool-1 - Shutdown completed.
2024-12-27 11:51:44 [background-preinit] INFO  o.h.validator.internal.util.Version - HV000001: Hibernate Validator 8.0.1.Final
2024-12-27 11:51:44 [main] INFO  c.wealth.demo.SpringbootApplication - Starting SpringbootApplication using Java 21.0.5 with PID 4248 (C:\JavaProjects\forwar-to-wealth\forwar-to-wealth\target\classes started by jkl94 in C:\JavaProjects\forwar-to-wealth\forwar-to-wealth)
2024-12-27 11:51:44 [main] INFO  c.wealth.demo.SpringbootApplication - No active profile set, falling back to 1 default profile: "default"
2024-12-27 11:51:45 [main] INFO  o.s.d.r.c.RepositoryConfigurationDelegate - Bootstrapping Spring Data JPA repositories in DEFAULT mode.
2024-12-27 11:51:45 [main] INFO  o.s.d.r.c.RepositoryConfigurationDelegate - Finished Spring Data repository scanning in 64 ms. Found 2 JPA repository interfaces.
2024-12-27 11:51:46 [main] INFO  o.s.b.w.e.tomcat.TomcatWebServer - Tomcat initialized with port 8080 (http)
2024-12-27 11:51:46 [main] INFO  o.a.coyote.http11.Http11NioProtocol - Initializing ProtocolHandler ["http-nio-8080"]
2024-12-27 11:51:46 [main] INFO  o.a.catalina.core.StandardService - Starting service [Tomcat]
2024-12-27 11:51:46 [main] INFO  o.a.catalina.core.StandardEngine - Starting Servlet engine: [Apache Tomcat/10.1.31]
2024-12-27 11:51:46 [main] INFO  o.apache.jasper.servlet.TldScanner - At least one JAR was scanned for TLDs yet contained no TLDs. Enable debug logging for this logger for a complete list of JARs that were scanned but no TLDs were found in them. Skipping unneeded JARs during scanning can improve startup time and JSP compilation time.
2024-12-27 11:51:46 [main] INFO  o.a.c.c.C.[Tomcat].[localhost].[/] - Initializing Spring embedded WebApplicationContext
2024-12-27 11:51:46 [main] INFO  o.s.b.w.s.c.ServletWebServerApplicationContext - Root WebApplicationContext: initialization completed in 2062 ms
2024-12-27 11:51:47 [main] INFO  o.h.jpa.internal.util.LogHelper - HHH000204: Processing PersistenceUnitInfo [name: default]
2024-12-27 11:51:47 [main] INFO  org.hibernate.Version - HHH000412: Hibernate ORM core version 6.5.3.Final
2024-12-27 11:51:47 [main] INFO  o.h.c.i.RegionFactoryInitiator - HHH000026: Second-level cache disabled
2024-12-27 11:51:48 [main] INFO  o.s.o.j.p.SpringPersistenceUnitInfo - No LoadTimeWeaver setup: ignoring JPA class transformer
2024-12-27 11:51:48 [main] INFO  com.zaxxer.hikari.HikariDataSource - HikariPool-1 - Starting...
2024-12-27 11:51:48 [main] INFO  com.zaxxer.hikari.pool.HikariPool - HikariPool-1 - Added connection com.mysql.cj.jdbc.ConnectionImpl@605eb072
2024-12-27 11:51:48 [main] INFO  com.zaxxer.hikari.HikariDataSource - HikariPool-1 - Start completed.
2024-12-27 11:51:50 [main] INFO  o.h.e.t.j.p.i.JtaPlatformInitiator - HHH000489: No JTA platform available (set 'hibernate.transaction.jta.platform' to enable JTA platform integration)
2024-12-27 11:51:50 [main] INFO  o.s.o.j.LocalContainerEntityManagerFactoryBean - Initialized JPA EntityManagerFactory for persistence unit 'default'
2024-12-27 11:51:50 [main] INFO  o.s.d.j.r.query.QueryEnhancerFactory - Hibernate is in classpath; If applicable, HQL parser will be used.
2024-12-27 11:51:51 [main] WARN  o.s.b.a.o.j.JpaBaseConfiguration$JpaWebConfiguration - spring.jpa.open-in-view is enabled by default. Therefore, database queries may be performed during view rendering. Explicitly configure spring.jpa.open-in-view to disable this warning
2024-12-27 11:51:51 [main] INFO  o.s.b.a.w.s.WelcomePageHandlerMapping - Adding welcome page template: index
2024-12-27 11:51:52 [main] INFO  o.a.coyote.http11.Http11NioProtocol - Starting ProtocolHandler ["http-nio-8080"]
2024-12-27 11:51:52 [main] INFO  o.s.b.w.e.tomcat.TomcatWebServer - Tomcat started on port 8080 (http) with context path '/'
2024-12-27 11:51:52 [main] INFO  c.wealth.demo.SpringbootApplication - Started SpringbootApplication in 8.214 seconds (process running for 8.791)
2024-12-27 11:52:10 [http-nio-8080-exec-1] INFO  o.a.c.c.C.[Tomcat].[localhost].[/] - Initializing Spring DispatcherServlet 'dispatcherServlet'
2024-12-27 11:52:10 [http-nio-8080-exec-1] INFO  o.s.web.servlet.DispatcherServlet - Initializing Servlet 'dispatcherServlet'
2024-12-27 11:52:10 [http-nio-8080-exec-1] INFO  o.s.web.servlet.DispatcherServlet - Completed initialization in 1 ms
2024-12-27 11:52:27 [http-nio-8080-exec-7] INFO  c.w.demo.service.PasswordService - 已成功發送驗證碼至 123456789@gmail.com
2024-12-27 11:52:34 [http-nio-8080-exec-9] ERROR c.w.d.c.ResetPasswordController - 密碼重設失敗: 
java.lang.IllegalArgumentException: 驗證碼錯誤或已過期
	at com.wealth.demo.service.PasswordService.resetPassword(PasswordService.java:84)
	at java.base/jdk.internal.reflect.DirectMethodHandleAccessor.invoke(DirectMethodHandleAccessor.java:103)
	at java.base/java.lang.reflect.Method.invoke(Method.java:580)
	at org.springframework.aop.support.AopUtils.invokeJoinpointUsingReflection(AopUtils.java:355)
	at org.springframework.aop.framework.ReflectiveMethodInvocation.invokeJoinpoint(ReflectiveMethodInvocation.java:196)
	at org.springframework.aop.framework.ReflectiveMethodInvocation.proceed(ReflectiveMethodInvocation.java:163)
	at org.springframework.aop.framework.CglibAopProxy$CglibMethodInvocation.proceed(CglibAopProxy.java:768)
	at org.springframework.transaction.interceptor.TransactionAspectSupport.invokeWithinTransaction(TransactionAspectSupport.java:379)
	at org.springframework.transaction.interceptor.TransactionInterceptor.invoke(TransactionInterceptor.java:119)
	at org.springframework.aop.framework.ReflectiveMethodInvocation.proceed(ReflectiveMethodInvocation.java:184)
	at org.springframework.aop.framework.CglibAopProxy$CglibMethodInvocation.proceed(CglibAopProxy.java:768)
	at org.springframework.aop.framework.CglibAopProxy$DynamicAdvisedInterceptor.intercept(CglibAopProxy.java:720)
	at com.wealth.demo.service.PasswordService$$SpringCGLIB$$0.resetPassword(<generated>)
	at com.wealth.demo.controller.ResetPasswordController.resetPassword(ResetPasswordController.java:40)
	at java.base/jdk.internal.reflect.DirectMethodHandleAccessor.invoke(DirectMethodHandleAccessor.java:103)
	at java.base/java.lang.reflect.Method.invoke(Method.java:580)
	at org.springframework.web.method.support.InvocableHandlerMethod.doInvoke(InvocableHandlerMethod.java:255)
	at org.springframework.web.method.support.InvocableHandlerMethod.invokeForRequest(InvocableHandlerMethod.java:188)
	at org.springframework.web.servlet.mvc.method.annotation.ServletInvocableHandlerMethod.invokeAndHandle(ServletInvocableHandlerMethod.java:118)
	at org.springframework.web.servlet.mvc.method.annotation.RequestMappingHandlerAdapter.invokeHandlerMethod(RequestMappingHandlerAdapter.java:926)
	at org.springframework.web.servlet.mvc.method.annotation.RequestMappingHandlerAdapter.handleInternal(RequestMappingHandlerAdapter.java:831)
	at org.springframework.web.servlet.mvc.method.AbstractHandlerMethodAdapter.handle(AbstractHandlerMethodAdapter.java:87)
	at org.springframework.web.servlet.DispatcherServlet.doDispatch(DispatcherServlet.java:1089)
	at org.springframework.web.servlet.DispatcherServlet.doService(DispatcherServlet.java:979)
	at org.springframework.web.servlet.FrameworkServlet.processRequest(FrameworkServlet.java:1014)
	at org.springframework.web.servlet.FrameworkServlet.doPost(FrameworkServlet.java:914)
	at jakarta.servlet.http.HttpServlet.service(HttpServlet.java:590)
	at org.springframework.web.servlet.FrameworkServlet.service(FrameworkServlet.java:885)
	at jakarta.servlet.http.HttpServlet.service(HttpServlet.java:658)
	at org.apache.catalina.core.ApplicationFilterChain.internalDoFilter(ApplicationFilterChain.java:195)
	at org.apache.catalina.core.ApplicationFilterChain.doFilter(ApplicationFilterChain.java:140)
	at org.apache.tomcat.websocket.server.WsFilter.doFilter(WsFilter.java:51)
	at org.apache.catalina.core.ApplicationFilterChain.internalDoFilter(ApplicationFilterChain.java:164)
	at org.apache.catalina.core.ApplicationFilterChain.doFilter(ApplicationFilterChain.java:140)
	at org.springframework.web.filter.RequestContextFilter.doFilterInternal(RequestContextFilter.java:100)
	at org.springframework.web.filter.OncePerRequestFilter.doFilter(OncePerRequestFilter.java:116)
	at org.apache.catalina.core.ApplicationFilterChain.internalDoFilter(ApplicationFilterChain.java:164)
	at org.apache.catalina.core.ApplicationFilterChain.doFilter(ApplicationFilterChain.java:140)
	at org.springframework.web.filter.FormContentFilter.doFilterInternal(FormContentFilter.java:93)
	at org.springframework.web.filter.OncePerRequestFilter.doFilter(OncePerRequestFilter.java:116)
	at org.apache.catalina.core.ApplicationFilterChain.internalDoFilter(ApplicationFilterChain.java:164)
	at org.apache.catalina.core.ApplicationFilterChain.doFilter(ApplicationFilterChain.java:140)
	at org.springframework.web.filter.CharacterEncodingFilter.doFilterInternal(CharacterEncodingFilter.java:201)
	at org.springframework.web.filter.OncePerRequestFilter.doFilter(OncePerRequestFilter.java:116)
	at org.apache.catalina.core.ApplicationFilterChain.internalDoFilter(ApplicationFilterChain.java:164)
	at org.apache.catalina.core.ApplicationFilterChain.doFilter(ApplicationFilterChain.java:140)
	at org.apache.catalina.core.StandardWrapperValve.invoke(StandardWrapperValve.java:167)
	at org.apache.catalina.core.StandardContextValve.invoke(StandardContextValve.java:90)
	at org.apache.catalina.authenticator.AuthenticatorBase.invoke(AuthenticatorBase.java:483)
	at org.apache.catalina.core.StandardHostValve.invoke(StandardHostValve.java:115)
	at org.apache.catalina.valves.ErrorReportValve.invoke(ErrorReportValve.java:93)
	at org.apache.catalina.core.StandardEngineValve.invoke(StandardEngineValve.java:74)
	at org.apache.catalina.connector.CoyoteAdapter.service(CoyoteAdapter.java:344)
	at org.apache.coyote.http11.Http11Processor.service(Http11Processor.java:384)
	at org.apache.coyote.AbstractProcessorLight.process(AbstractProcessorLight.java:63)
	at org.apache.coyote.AbstractProtocol$ConnectionHandler.process(AbstractProtocol.java:905)
	at org.apache.tomcat.util.net.NioEndpoint$SocketProcessor.doRun(NioEndpoint.java:1741)
	at org.apache.tomcat.util.net.SocketProcessorBase.run(SocketProcessorBase.java:52)
	at org.apache.tomcat.util.threads.ThreadPoolExecutor.runWorker(ThreadPoolExecutor.java:1190)
	at org.apache.tomcat.util.threads.ThreadPoolExecutor$Worker.run(ThreadPoolExecutor.java:659)
	at org.apache.tomcat.util.threads.TaskThread$WrappingRunnable.run(TaskThread.java:63)
	at java.base/java.lang.Thread.run(Thread.java:1583)
2024-12-27 13:44:41 [SpringApplicationShutdownHook] INFO  o.s.o.j.LocalContainerEntityManagerFactoryBean - Closing JPA EntityManagerFactory for persistence unit 'default'
2024-12-27 13:44:41 [SpringApplicationShutdownHook] INFO  com.zaxxer.hikari.HikariDataSource - HikariPool-1 - Shutdown initiated...
2024-12-27 13:44:41 [SpringApplicationShutdownHook] INFO  com.zaxxer.hikari.HikariDataSource - HikariPool-1 - Shutdown completed.
2024-12-27 14:23:14 [background-preinit] INFO  o.h.validator.internal.util.Version - HV000001: Hibernate Validator 8.0.1.Final
2024-12-27 14:23:14 [main] INFO  c.wealth.demo.SpringbootApplication - Starting SpringbootApplication using Java 21.0.5 with PID 7984 (C:\JavaProjects\forwar-to-wealth\forwar-to-wealth\target\classes started by jkl94 in C:\JavaProjects\forwar-to-wealth\forwar-to-wealth)
2024-12-27 14:23:14 [main] INFO  c.wealth.demo.SpringbootApplication - No active profile set, falling back to 1 default profile: "default"
2024-12-27 14:23:14 [main] INFO  o.s.d.r.c.RepositoryConfigurationDelegate - Bootstrapping Spring Data JPA repositories in DEFAULT mode.
2024-12-27 14:23:14 [main] INFO  o.s.d.r.c.RepositoryConfigurationDelegate - Finished Spring Data repository scanning in 44 ms. Found 2 JPA repository interfaces.
2024-12-27 14:23:15 [main] INFO  o.s.b.w.e.tomcat.TomcatWebServer - Tomcat initialized with port 8080 (http)
2024-12-27 14:23:15 [main] INFO  o.a.coyote.http11.Http11NioProtocol - Initializing ProtocolHandler ["http-nio-8080"]
2024-12-27 14:23:15 [main] INFO  o.a.catalina.core.StandardService - Starting service [Tomcat]
2024-12-27 14:23:15 [main] INFO  o.a.catalina.core.StandardEngine - Starting Servlet engine: [Apache Tomcat/10.1.31]
2024-12-27 14:23:15 [main] INFO  o.apache.jasper.servlet.TldScanner - At least one JAR was scanned for TLDs yet contained no TLDs. Enable debug logging for this logger for a complete list of JARs that were scanned but no TLDs were found in them. Skipping unneeded JARs during scanning can improve startup time and JSP compilation time.
2024-12-27 14:23:15 [main] INFO  o.a.c.c.C.[Tomcat].[localhost].[/] - Initializing Spring embedded WebApplicationContext
2024-12-27 14:23:15 [main] INFO  o.s.b.w.s.c.ServletWebServerApplicationContext - Root WebApplicationContext: initialization completed in 1581 ms
2024-12-27 14:23:15 [main] INFO  o.h.jpa.internal.util.LogHelper - HHH000204: Processing PersistenceUnitInfo [name: default]
2024-12-27 14:23:15 [main] INFO  org.hibernate.Version - HHH000412: Hibernate ORM core version 6.5.3.Final
2024-12-27 14:23:15 [main] INFO  o.h.c.i.RegionFactoryInitiator - HHH000026: Second-level cache disabled
2024-12-27 14:23:16 [main] INFO  o.s.o.j.p.SpringPersistenceUnitInfo - No LoadTimeWeaver setup: ignoring JPA class transformer
2024-12-27 14:23:16 [main] INFO  com.zaxxer.hikari.HikariDataSource - HikariPool-1 - Starting...
2024-12-27 14:23:16 [main] INFO  com.zaxxer.hikari.pool.HikariPool - HikariPool-1 - Added connection com.mysql.cj.jdbc.ConnectionImpl@3386ed8
2024-12-27 14:23:16 [main] INFO  com.zaxxer.hikari.HikariDataSource - HikariPool-1 - Start completed.
2024-12-27 14:23:17 [main] INFO  o.h.e.t.j.p.i.JtaPlatformInitiator - HHH000489: No JTA platform available (set 'hibernate.transaction.jta.platform' to enable JTA platform integration)
2024-12-27 14:23:17 [main] INFO  o.s.o.j.LocalContainerEntityManagerFactoryBean - Initialized JPA EntityManagerFactory for persistence unit 'default'
2024-12-27 14:23:17 [main] INFO  o.s.d.j.r.query.QueryEnhancerFactory - Hibernate is in classpath; If applicable, HQL parser will be used.
2024-12-27 14:23:18 [main] WARN  o.s.b.a.o.j.JpaBaseConfiguration$JpaWebConfiguration - spring.jpa.open-in-view is enabled by default. Therefore, database queries may be performed during view rendering. Explicitly configure spring.jpa.open-in-view to disable this warning
2024-12-27 14:23:18 [main] INFO  o.s.b.a.w.s.WelcomePageHandlerMapping - Adding welcome page template: index
2024-12-27 14:23:18 [main] INFO  o.a.coyote.http11.Http11NioProtocol - Starting ProtocolHandler ["http-nio-8080"]
2024-12-27 14:23:18 [main] INFO  o.s.b.w.e.tomcat.TomcatWebServer - Tomcat started on port 8080 (http) with context path '/'
2024-12-27 14:23:18 [main] INFO  c.wealth.demo.SpringbootApplication - Started SpringbootApplication in 5.114 seconds (process running for 5.456)
2024-12-27 14:23:20 [http-nio-8080-exec-1] INFO  o.a.c.c.C.[Tomcat].[localhost].[/] - Initializing Spring DispatcherServlet 'dispatcherServlet'
2024-12-27 14:23:20 [http-nio-8080-exec-1] INFO  o.s.web.servlet.DispatcherServlet - Initializing Servlet 'dispatcherServlet'
2024-12-27 14:23:20 [http-nio-8080-exec-1] INFO  o.s.web.servlet.DispatcherServlet - Completed initialization in 1 ms
2024-12-27 14:23:29 [http-nio-8080-exec-3] INFO  com.wealth.demo.service.UserService - 驗證用戶名和密碼: 456
2024-12-27 14:23:29 [http-nio-8080-exec-3] INFO  com.wealth.demo.service.UserService - 用戶 456 驗證成功！
2024-12-27 14:23:29 [http-nio-8080-exec-3] INFO  com.wealth.demo.util.SessionUtils - 設置用戶到 Session: username=456, userId=3
2024-12-27 14:23:30 [http-nio-8080-exec-9] INFO  c.w.demo.controller.WealthController - 接收到統計數據請求: StartDate=null, EndDate=null
2024-12-27 14:23:30 [http-nio-8080-exec-9] INFO  com.wealth.demo.service.UserService - 查詢用戶 ID: 3
2024-12-27 14:23:30 [http-nio-8080-exec-9] INFO  com.wealth.demo.service.UserService - 用戶查詢成功: 456
2024-12-27 14:23:30 [http-nio-8080-exec-9] INFO  c.wealth.demo.service.WealthService - 開始計算用戶統計數據，User ID: 3
2024-12-27 14:23:30 [http-nio-8080-exec-9] INFO  c.wealth.demo.service.WealthService - 統計完成 - 總收入: 64487, 總支出: 28525, 結餘: 35962
2024-12-27 14:23:30 [http-nio-8080-exec-9] INFO  c.w.demo.controller.WealthController - 統計數據計算完成: {totalIncome=64487, balance=35962, totalExpense=28525}
2024-12-27 14:23:30 [http-nio-8080-exec-10] INFO  c.w.demo.controller.WealthController - 接收到統計數據請求: StartDate=null, EndDate=null
2024-12-27 14:23:30 [http-nio-8080-exec-10] INFO  com.wealth.demo.service.UserService - 查詢用戶 ID: 3
2024-12-27 14:23:30 [http-nio-8080-exec-10] INFO  com.wealth.demo.service.UserService - 用戶查詢成功: 456
2024-12-27 14:23:30 [http-nio-8080-exec-10] INFO  c.wealth.demo.service.WealthService - 開始計算用戶統計數據，User ID: 3
2024-12-27 14:23:30 [http-nio-8080-exec-10] INFO  c.wealth.demo.service.WealthService - 統計完成 - 總收入: 64487, 總支出: 28525, 結餘: 35962
2024-12-27 14:23:30 [http-nio-8080-exec-10] INFO  c.w.demo.controller.WealthController - 統計數據計算完成: {totalIncome=64487, balance=35962, totalExpense=28525}
2024-12-27 14:23:31 [http-nio-8080-exec-1] INFO  c.w.demo.controller.WealthController - 接收到分頁查詢請求: Start=0, Length=10, Search=, StartDate=, EndDate=
2024-12-27 14:23:31 [http-nio-8080-exec-1] INFO  com.wealth.demo.service.UserService - 查詢用戶 ID: 3
2024-12-27 14:23:31 [http-nio-8080-exec-1] INFO  com.wealth.demo.service.UserService - 用戶查詢成功: 456
2024-12-27 14:23:31 [http-nio-8080-exec-2] INFO  c.w.demo.controller.WealthController - 接收到統計數據請求: StartDate=null, EndDate=null
2024-12-27 14:23:31 [http-nio-8080-exec-2] INFO  com.wealth.demo.service.UserService - 查詢用戶 ID: 3
2024-12-27 14:23:31 [http-nio-8080-exec-2] INFO  com.wealth.demo.service.UserService - 用戶查詢成功: 456
2024-12-27 14:23:31 [http-nio-8080-exec-2] INFO  c.wealth.demo.service.WealthService - 開始計算用戶統計數據，User ID: 3
2024-12-27 14:23:31 [http-nio-8080-exec-2] INFO  c.wealth.demo.service.WealthService - 統計完成 - 總收入: 64487, 總支出: 28525, 結餘: 35962
2024-12-27 14:23:31 [http-nio-8080-exec-2] INFO  c.w.demo.controller.WealthController - 統計數據計算完成: {totalIncome=64487, balance=35962, totalExpense=28525}
2024-12-27 14:23:45 [http-nio-8080-exec-3] INFO  c.w.demo.controller.WealthController - 接收到新增收支紀錄請求: WealthDTO(id=null, amount=3000, timestamp=2024-12-27T06:23, note=, type=null)
2024-12-27 14:23:47 [http-nio-8080-exec-4] INFO  c.w.demo.controller.WealthController - 接收到新增收支紀錄請求: WealthDTO(id=null, amount=3000, timestamp=2024-12-27T06:23, note=, type=null)
2024-12-27 14:23:49 [http-nio-8080-exec-6] INFO  c.w.demo.controller.WealthController - 接收到新增收支紀錄請求: WealthDTO(id=null, amount=3000, timestamp=2024-12-27T06:23, note=, type=null)
2024-12-27 14:23:49 [http-nio-8080-exec-8] INFO  c.w.demo.controller.WealthController - 接收到新增收支紀錄請求: WealthDTO(id=null, amount=3000, timestamp=2024-12-27T06:23, note=, type=null)
2024-12-27 14:23:49 [http-nio-8080-exec-7] INFO  c.w.demo.controller.WealthController - 接收到新增收支紀錄請求: WealthDTO(id=null, amount=3000, timestamp=2024-12-27T06:23, note=, type=null)
2024-12-27 14:23:50 [http-nio-8080-exec-5] INFO  c.w.demo.controller.WealthController - 接收到新增收支紀錄請求: WealthDTO(id=null, amount=3000, timestamp=2024-12-27T06:23, note=, type=null)
2024-12-27 14:26:23 [SpringApplicationShutdownHook] INFO  o.s.o.j.LocalContainerEntityManagerFactoryBean - Closing JPA EntityManagerFactory for persistence unit 'default'
2024-12-27 14:26:23 [SpringApplicationShutdownHook] INFO  com.zaxxer.hikari.HikariDataSource - HikariPool-1 - Shutdown initiated...
2024-12-27 14:26:23 [SpringApplicationShutdownHook] INFO  com.zaxxer.hikari.HikariDataSource - HikariPool-1 - Shutdown completed.
2024-12-27 14:26:25 [background-preinit] INFO  o.h.validator.internal.util.Version - HV000001: Hibernate Validator 8.0.1.Final
2024-12-27 14:26:25 [main] INFO  c.wealth.demo.SpringbootApplication - Starting SpringbootApplication using Java 21.0.5 with PID 14752 (C:\JavaProjects\forwar-to-wealth\forwar-to-wealth\target\classes started by jkl94 in C:\JavaProjects\forwar-to-wealth\forwar-to-wealth)
2024-12-27 14:26:25 [main] INFO  c.wealth.demo.SpringbootApplication - No active profile set, falling back to 1 default profile: "default"
2024-12-27 14:26:25 [main] INFO  o.s.d.r.c.RepositoryConfigurationDelegate - Bootstrapping Spring Data JPA repositories in DEFAULT mode.
2024-12-27 14:26:25 [main] INFO  o.s.d.r.c.RepositoryConfigurationDelegate - Finished Spring Data repository scanning in 52 ms. Found 2 JPA repository interfaces.
2024-12-27 14:26:26 [main] INFO  o.s.b.w.e.tomcat.TomcatWebServer - Tomcat initialized with port 8080 (http)
2024-12-27 14:26:26 [main] INFO  o.a.coyote.http11.Http11NioProtocol - Initializing ProtocolHandler ["http-nio-8080"]
2024-12-27 14:26:26 [main] INFO  o.a.catalina.core.StandardService - Starting service [Tomcat]
2024-12-27 14:26:26 [main] INFO  o.a.catalina.core.StandardEngine - Starting Servlet engine: [Apache Tomcat/10.1.31]
2024-12-27 14:26:26 [main] INFO  o.apache.jasper.servlet.TldScanner - At least one JAR was scanned for TLDs yet contained no TLDs. Enable debug logging for this logger for a complete list of JARs that were scanned but no TLDs were found in them. Skipping unneeded JARs during scanning can improve startup time and JSP compilation time.
2024-12-27 14:26:26 [main] INFO  o.a.c.c.C.[Tomcat].[localhost].[/] - Initializing Spring embedded WebApplicationContext
2024-12-27 14:26:26 [main] INFO  o.s.b.w.s.c.ServletWebServerApplicationContext - Root WebApplicationContext: initialization completed in 1434 ms
2024-12-27 14:26:26 [main] INFO  o.h.jpa.internal.util.LogHelper - HHH000204: Processing PersistenceUnitInfo [name: default]
2024-12-27 14:26:26 [main] INFO  org.hibernate.Version - HHH000412: Hibernate ORM core version 6.5.3.Final
2024-12-27 14:26:26 [main] INFO  o.h.c.i.RegionFactoryInitiator - HHH000026: Second-level cache disabled
2024-12-27 14:26:27 [main] INFO  o.s.o.j.p.SpringPersistenceUnitInfo - No LoadTimeWeaver setup: ignoring JPA class transformer
2024-12-27 14:26:27 [main] INFO  com.zaxxer.hikari.HikariDataSource - HikariPool-1 - Starting...
2024-12-27 14:26:27 [main] INFO  com.zaxxer.hikari.pool.HikariPool - HikariPool-1 - Added connection com.mysql.cj.jdbc.ConnectionImpl@7a0f06ad
2024-12-27 14:26:27 [main] INFO  com.zaxxer.hikari.HikariDataSource - HikariPool-1 - Start completed.
2024-12-27 14:26:28 [main] INFO  o.h.e.t.j.p.i.JtaPlatformInitiator - HHH000489: No JTA platform available (set 'hibernate.transaction.jta.platform' to enable JTA platform integration)
2024-12-27 14:26:28 [main] INFO  o.s.o.j.LocalContainerEntityManagerFactoryBean - Initialized JPA EntityManagerFactory for persistence unit 'default'
2024-12-27 14:26:28 [main] INFO  o.s.d.j.r.query.QueryEnhancerFactory - Hibernate is in classpath; If applicable, HQL parser will be used.
2024-12-27 14:26:29 [main] WARN  o.s.b.a.o.j.JpaBaseConfiguration$JpaWebConfiguration - spring.jpa.open-in-view is enabled by default. Therefore, database queries may be performed during view rendering. Explicitly configure spring.jpa.open-in-view to disable this warning
2024-12-27 14:26:29 [main] INFO  o.s.b.a.w.s.WelcomePageHandlerMapping - Adding welcome page template: index
2024-12-27 14:26:29 [main] INFO  o.a.coyote.http11.Http11NioProtocol - Starting ProtocolHandler ["http-nio-8080"]
2024-12-27 14:26:29 [main] INFO  o.s.b.w.e.tomcat.TomcatWebServer - Tomcat started on port 8080 (http) with context path '/'
2024-12-27 14:26:29 [main] INFO  c.wealth.demo.SpringbootApplication - Started SpringbootApplication in 4.994 seconds (process running for 5.333)
2024-12-27 14:26:30 [http-nio-8080-exec-1] INFO  o.a.c.c.C.[Tomcat].[localhost].[/] - Initializing Spring DispatcherServlet 'dispatcherServlet'
2024-12-27 14:26:30 [http-nio-8080-exec-1] INFO  o.s.web.servlet.DispatcherServlet - Initializing Servlet 'dispatcherServlet'
2024-12-27 14:26:30 [http-nio-8080-exec-1] INFO  o.s.web.servlet.DispatcherServlet - Completed initialization in 2 ms
2024-12-27 14:26:53 [http-nio-8080-exec-6] INFO  com.wealth.demo.service.UserService - 驗證用戶名和密碼: 456
2024-12-27 14:26:53 [http-nio-8080-exec-6] INFO  com.wealth.demo.service.UserService - 用戶 456 驗證成功！
2024-12-27 14:26:53 [http-nio-8080-exec-6] INFO  com.wealth.demo.util.SessionUtils - 設置用戶到 Session: username=456, userId=3
2024-12-27 14:26:54 [http-nio-8080-exec-9] INFO  c.w.demo.controller.WealthController - 接收到統計數據請求: StartDate=null, EndDate=null
2024-12-27 14:26:54 [http-nio-8080-exec-9] INFO  com.wealth.demo.service.UserService - 查詢用戶 ID: 3
2024-12-27 14:26:54 [http-nio-8080-exec-9] INFO  com.wealth.demo.service.UserService - 用戶查詢成功: 456
2024-12-27 14:26:54 [http-nio-8080-exec-9] INFO  c.wealth.demo.service.WealthService - 開始計算用戶統計數據，User ID: 3
2024-12-27 14:26:54 [http-nio-8080-exec-9] INFO  c.wealth.demo.service.WealthService - 統計完成 - 總收入: 64487, 總支出: 28525, 結餘: 35962
2024-12-27 14:26:54 [http-nio-8080-exec-9] INFO  c.w.demo.controller.WealthController - 統計數據計算完成: {totalIncome=64487, balance=35962, totalExpense=28525}
2024-12-27 14:26:54 [http-nio-8080-exec-10] INFO  c.w.demo.controller.WealthController - 接收到分頁查詢請求: Start=0, Length=10, Search=, StartDate=, EndDate=
2024-12-27 14:26:54 [http-nio-8080-exec-10] INFO  com.wealth.demo.service.UserService - 查詢用戶 ID: 3
2024-12-27 14:26:54 [http-nio-8080-exec-10] INFO  com.wealth.demo.service.UserService - 用戶查詢成功: 456
2024-12-27 14:26:54 [http-nio-8080-exec-1] INFO  c.w.demo.controller.WealthController - 接收到統計數據請求: StartDate=null, EndDate=null
2024-12-27 14:26:54 [http-nio-8080-exec-1] INFO  com.wealth.demo.service.UserService - 查詢用戶 ID: 3
2024-12-27 14:26:54 [http-nio-8080-exec-1] INFO  com.wealth.demo.service.UserService - 用戶查詢成功: 456
2024-12-27 14:26:54 [http-nio-8080-exec-1] INFO  c.wealth.demo.service.WealthService - 開始計算用戶統計數據，User ID: 3
2024-12-27 14:26:54 [http-nio-8080-exec-1] INFO  c.wealth.demo.service.WealthService - 統計完成 - 總收入: 64487, 總支出: 28525, 結餘: 35962
2024-12-27 14:26:54 [http-nio-8080-exec-1] INFO  c.w.demo.controller.WealthController - 統計數據計算完成: {totalIncome=64487, balance=35962, totalExpense=28525}
2024-12-27 14:26:54 [http-nio-8080-exec-2] INFO  c.w.demo.controller.WealthController - 接收到統計數據請求: StartDate=null, EndDate=null
2024-12-27 14:26:54 [http-nio-8080-exec-2] INFO  com.wealth.demo.service.UserService - 查詢用戶 ID: 3
2024-12-27 14:26:54 [http-nio-8080-exec-2] INFO  com.wealth.demo.service.UserService - 用戶查詢成功: 456
2024-12-27 14:26:54 [http-nio-8080-exec-2] INFO  c.wealth.demo.service.WealthService - 開始計算用戶統計數據，User ID: 3
2024-12-27 14:26:54 [http-nio-8080-exec-2] INFO  c.wealth.demo.service.WealthService - 統計完成 - 總收入: 64487, 總支出: 28525, 結餘: 35962
2024-12-27 14:26:54 [http-nio-8080-exec-2] INFO  c.w.demo.controller.WealthController - 統計數據計算完成: {totalIncome=64487, balance=35962, totalExpense=28525}
2024-12-27 14:27:00 [http-nio-8080-exec-3] INFO  c.w.demo.controller.WealthController - 接收到新增收支紀錄請求: WealthDTO(id=null, amount=3000, timestamp=2024-12-27T06:26, note=, type=null)
2024-12-27 14:27:20 [http-nio-8080-exec-6] INFO  c.w.demo.controller.WealthController - 接收到統計數據請求: StartDate=null, EndDate=null
2024-12-27 14:27:20 [http-nio-8080-exec-6] INFO  com.wealth.demo.service.UserService - 查詢用戶 ID: 3
2024-12-27 14:27:20 [http-nio-8080-exec-6] INFO  com.wealth.demo.service.UserService - 用戶查詢成功: 456
2024-12-27 14:27:20 [http-nio-8080-exec-6] INFO  c.wealth.demo.service.WealthService - 開始計算用戶統計數據，User ID: 3
2024-12-27 14:27:20 [http-nio-8080-exec-6] INFO  c.wealth.demo.service.WealthService - 統計完成 - 總收入: 64487, 總支出: 28525, 結餘: 35962
2024-12-27 14:27:20 [http-nio-8080-exec-6] INFO  c.w.demo.controller.WealthController - 統計數據計算完成: {totalIncome=64487, balance=35962, totalExpense=28525}
2024-12-27 14:27:20 [http-nio-8080-exec-7] INFO  c.w.demo.controller.WealthController - 接收到統計數據請求: StartDate=null, EndDate=null
2024-12-27 14:27:20 [http-nio-8080-exec-7] INFO  com.wealth.demo.service.UserService - 查詢用戶 ID: 3
2024-12-27 14:27:20 [http-nio-8080-exec-7] INFO  com.wealth.demo.service.UserService - 用戶查詢成功: 456
2024-12-27 14:27:20 [http-nio-8080-exec-7] INFO  c.wealth.demo.service.WealthService - 開始計算用戶統計數據，User ID: 3
2024-12-27 14:27:20 [http-nio-8080-exec-7] INFO  c.wealth.demo.service.WealthService - 統計完成 - 總收入: 64487, 總支出: 28525, 結餘: 35962
2024-12-27 14:27:20 [http-nio-8080-exec-7] INFO  c.w.demo.controller.WealthController - 統計數據計算完成: {totalIncome=64487, balance=35962, totalExpense=28525}
2024-12-27 14:27:20 [http-nio-8080-exec-8] INFO  c.w.demo.controller.WealthController - 接收到分頁查詢請求: Start=0, Length=10, Search=, StartDate=, EndDate=
2024-12-27 14:27:20 [http-nio-8080-exec-8] INFO  com.wealth.demo.service.UserService - 查詢用戶 ID: 3
2024-12-27 14:27:20 [http-nio-8080-exec-8] INFO  com.wealth.demo.service.UserService - 用戶查詢成功: 456
2024-12-27 14:27:20 [http-nio-8080-exec-9] INFO  c.w.demo.controller.WealthController - 接收到統計數據請求: StartDate=null, EndDate=null
2024-12-27 14:27:20 [http-nio-8080-exec-9] INFO  com.wealth.demo.service.UserService - 查詢用戶 ID: 3
2024-12-27 14:27:20 [http-nio-8080-exec-9] INFO  com.wealth.demo.service.UserService - 用戶查詢成功: 456
2024-12-27 14:27:20 [http-nio-8080-exec-9] INFO  c.wealth.demo.service.WealthService - 開始計算用戶統計數據，User ID: 3
2024-12-27 14:27:20 [http-nio-8080-exec-9] INFO  c.wealth.demo.service.WealthService - 統計完成 - 總收入: 64487, 總支出: 28525, 結餘: 35962
2024-12-27 14:27:20 [http-nio-8080-exec-9] INFO  c.w.demo.controller.WealthController - 統計數據計算完成: {totalIncome=64487, balance=35962, totalExpense=28525}
2024-12-27 14:27:24 [http-nio-8080-exec-7] INFO  c.w.demo.controller.WealthController - 接收到統計數據請求: StartDate=null, EndDate=null
2024-12-27 14:27:24 [http-nio-8080-exec-6] INFO  c.w.demo.controller.WealthController - 接收到統計數據請求: StartDate=null, EndDate=null
2024-12-27 14:27:24 [http-nio-8080-exec-7] INFO  com.wealth.demo.service.UserService - 查詢用戶 ID: 3
2024-12-27 14:27:24 [http-nio-8080-exec-6] INFO  com.wealth.demo.service.UserService - 查詢用戶 ID: 3
2024-12-27 14:27:24 [http-nio-8080-exec-7] INFO  com.wealth.demo.service.UserService - 用戶查詢成功: 456
2024-12-27 14:27:24 [http-nio-8080-exec-7] INFO  c.wealth.demo.service.WealthService - 開始計算用戶統計數據，User ID: 3
2024-12-27 14:27:24 [http-nio-8080-exec-6] INFO  com.wealth.demo.service.UserService - 用戶查詢成功: 456
2024-12-27 14:27:24 [http-nio-8080-exec-6] INFO  c.wealth.demo.service.WealthService - 開始計算用戶統計數據，User ID: 3
2024-12-27 14:27:24 [http-nio-8080-exec-6] INFO  c.wealth.demo.service.WealthService - 統計完成 - 總收入: 64487, 總支出: 28525, 結餘: 35962
2024-12-27 14:27:24 [http-nio-8080-exec-7] INFO  c.wealth.demo.service.WealthService - 統計完成 - 總收入: 64487, 總支出: 28525, 結餘: 35962
2024-12-27 14:27:24 [http-nio-8080-exec-6] INFO  c.w.demo.controller.WealthController - 統計數據計算完成: {totalIncome=64487, balance=35962, totalExpense=28525}
2024-12-27 14:27:24 [http-nio-8080-exec-7] INFO  c.w.demo.controller.WealthController - 統計數據計算完成: {totalIncome=64487, balance=35962, totalExpense=28525}
2024-12-27 14:27:24 [http-nio-8080-exec-9] INFO  c.w.demo.controller.WealthController - 接收到分頁查詢請求: Start=0, Length=10, Search=, StartDate=, EndDate=
2024-12-27 14:27:24 [http-nio-8080-exec-9] INFO  com.wealth.demo.service.UserService - 查詢用戶 ID: 3
2024-12-27 14:27:24 [http-nio-8080-exec-9] INFO  com.wealth.demo.service.UserService - 用戶查詢成功: 456
2024-12-27 14:27:24 [http-nio-8080-exec-1] INFO  c.w.demo.controller.WealthController - 接收到統計數據請求: StartDate=null, EndDate=null
2024-12-27 14:27:24 [http-nio-8080-exec-1] INFO  com.wealth.demo.service.UserService - 查詢用戶 ID: 3
2024-12-27 14:27:24 [http-nio-8080-exec-1] INFO  com.wealth.demo.service.UserService - 用戶查詢成功: 456
2024-12-27 14:27:24 [http-nio-8080-exec-1] INFO  c.wealth.demo.service.WealthService - 開始計算用戶統計數據，User ID: 3
2024-12-27 14:27:24 [http-nio-8080-exec-1] INFO  c.wealth.demo.service.WealthService - 統計完成 - 總收入: 64487, 總支出: 28525, 結餘: 35962
2024-12-27 14:27:24 [http-nio-8080-exec-1] INFO  c.w.demo.controller.WealthController - 統計數據計算完成: {totalIncome=64487, balance=35962, totalExpense=28525}
2024-12-27 14:27:28 [http-nio-8080-exec-2] INFO  c.w.demo.controller.WealthController - 接收到新增收支紀錄請求: WealthDTO(id=null, amount=500, timestamp=2024-12-27T06:27, note=, type=EXPENSE)
2024-12-27 14:27:28 [http-nio-8080-exec-2] INFO  com.wealth.demo.service.UserService - 查詢用戶 ID: 3
2024-12-27 14:27:28 [http-nio-8080-exec-2] INFO  com.wealth.demo.service.UserService - 用戶查詢成功: 456
2024-12-27 14:27:28 [http-nio-8080-exec-2] INFO  c.wealth.demo.service.WealthService - 創建收支記錄請求: WealthDTO(id=null, amount=500, timestamp=2024-12-27T06:27, note=, type=EXPENSE)
2024-12-27 14:27:28 [http-nio-8080-exec-2] INFO  c.wealth.demo.service.WealthService - 成功創建收支記錄: Wealth(id=37, type=EXPENSE, amount=500, timestamp=2024-12-27T06:27, note=)
2024-12-27 14:27:28 [http-nio-8080-exec-2] INFO  c.w.demo.controller.WealthController - 成功創建收支記錄
2024-12-27 14:27:28 [http-nio-8080-exec-3] INFO  c.w.demo.controller.WealthController - 接收到統計數據請求: StartDate=null, EndDate=null
2024-12-27 14:27:28 [http-nio-8080-exec-3] INFO  com.wealth.demo.service.UserService - 查詢用戶 ID: 3
2024-12-27 14:27:28 [http-nio-8080-exec-10] INFO  c.w.demo.controller.WealthController - 接收到分頁查詢請求: Start=0, Length=10, Search=, StartDate=, EndDate=
2024-12-27 14:27:28 [http-nio-8080-exec-10] INFO  com.wealth.demo.service.UserService - 查詢用戶 ID: 3
2024-12-27 14:27:28 [http-nio-8080-exec-10] INFO  com.wealth.demo.service.UserService - 用戶查詢成功: 456
2024-12-27 14:27:28 [http-nio-8080-exec-3] INFO  com.wealth.demo.service.UserService - 用戶查詢成功: 456
2024-12-27 14:27:28 [http-nio-8080-exec-3] INFO  c.wealth.demo.service.WealthService - 開始計算用戶統計數據，User ID: 3
2024-12-27 14:27:28 [http-nio-8080-exec-3] INFO  c.wealth.demo.service.WealthService - 統計完成 - 總收入: 64487, 總支出: 29025, 結餘: 35462
2024-12-27 14:27:28 [http-nio-8080-exec-3] INFO  c.w.demo.controller.WealthController - 統計數據計算完成: {totalIncome=64487, balance=35462, totalExpense=29025}
2024-12-27 14:27:28 [http-nio-8080-exec-4] INFO  c.w.demo.controller.WealthController - 接收到統計數據請求: StartDate=null, EndDate=null
2024-12-27 14:27:28 [http-nio-8080-exec-4] INFO  com.wealth.demo.service.UserService - 查詢用戶 ID: 3
2024-12-27 14:27:28 [http-nio-8080-exec-4] INFO  com.wealth.demo.service.UserService - 用戶查詢成功: 456
2024-12-27 14:27:28 [http-nio-8080-exec-4] INFO  c.wealth.demo.service.WealthService - 開始計算用戶統計數據，User ID: 3
2024-12-27 14:27:28 [http-nio-8080-exec-4] INFO  c.wealth.demo.service.WealthService - 統計完成 - 總收入: 64487, 總支出: 29025, 結餘: 35462
2024-12-27 14:27:28 [http-nio-8080-exec-4] INFO  c.w.demo.controller.WealthController - 統計數據計算完成: {totalIncome=64487, balance=35462, totalExpense=29025}
2024-12-27 14:27:28 [http-nio-8080-exec-5] INFO  c.w.demo.controller.WealthController - 接收到統計數據請求: StartDate=null, EndDate=null
2024-12-27 14:27:28 [http-nio-8080-exec-5] INFO  com.wealth.demo.service.UserService - 查詢用戶 ID: 3
2024-12-27 14:27:28 [http-nio-8080-exec-5] INFO  com.wealth.demo.service.UserService - 用戶查詢成功: 456
2024-12-27 14:27:28 [http-nio-8080-exec-5] INFO  c.wealth.demo.service.WealthService - 開始計算用戶統計數據，User ID: 3
2024-12-27 14:27:28 [http-nio-8080-exec-5] INFO  c.wealth.demo.service.WealthService - 統計完成 - 總收入: 64487, 總支出: 29025, 結餘: 35462
2024-12-27 14:27:28 [http-nio-8080-exec-5] INFO  c.w.demo.controller.WealthController - 統計數據計算完成: {totalIncome=64487, balance=35462, totalExpense=29025}
2024-12-27 14:27:34 [http-nio-8080-exec-6] INFO  c.w.demo.controller.WealthController - 接收到新增收支紀錄請求: WealthDTO(id=null, amount=9000, timestamp=2024-12-27T06:27, note=, type=EXPENSE)
2024-12-27 14:27:34 [http-nio-8080-exec-6] INFO  com.wealth.demo.service.UserService - 查詢用戶 ID: 3
2024-12-27 14:27:34 [http-nio-8080-exec-6] INFO  com.wealth.demo.service.UserService - 用戶查詢成功: 456
2024-12-27 14:27:34 [http-nio-8080-exec-6] INFO  c.wealth.demo.service.WealthService - 創建收支記錄請求: WealthDTO(id=null, amount=9000, timestamp=2024-12-27T06:27, note=, type=EXPENSE)
2024-12-27 14:27:34 [http-nio-8080-exec-6] INFO  c.wealth.demo.service.WealthService - 成功創建收支記錄: Wealth(id=38, type=EXPENSE, amount=9000, timestamp=2024-12-27T06:27, note=)
2024-12-27 14:27:34 [http-nio-8080-exec-6] INFO  c.w.demo.controller.WealthController - 成功創建收支記錄
2024-12-27 14:27:34 [http-nio-8080-exec-8] INFO  c.w.demo.controller.WealthController - 接收到統計數據請求: StartDate=null, EndDate=null
2024-12-27 14:27:34 [http-nio-8080-exec-8] INFO  com.wealth.demo.service.UserService - 查詢用戶 ID: 3
2024-12-27 14:27:34 [http-nio-8080-exec-7] INFO  c.w.demo.controller.WealthController - 接收到分頁查詢請求: Start=0, Length=10, Search=, StartDate=, EndDate=
2024-12-27 14:27:34 [http-nio-8080-exec-7] INFO  com.wealth.demo.service.UserService - 查詢用戶 ID: 3
2024-12-27 14:27:34 [http-nio-8080-exec-7] INFO  com.wealth.demo.service.UserService - 用戶查詢成功: 456
2024-12-27 14:27:34 [http-nio-8080-exec-8] INFO  com.wealth.demo.service.UserService - 用戶查詢成功: 456
2024-12-27 14:27:34 [http-nio-8080-exec-8] INFO  c.wealth.demo.service.WealthService - 開始計算用戶統計數據，User ID: 3
2024-12-27 14:27:34 [http-nio-8080-exec-8] INFO  c.wealth.demo.service.WealthService - 統計完成 - 總收入: 64487, 總支出: 38025, 結餘: 26462
2024-12-27 14:27:34 [http-nio-8080-exec-8] INFO  c.w.demo.controller.WealthController - 統計數據計算完成: {totalIncome=64487, balance=26462, totalExpense=38025}
2024-12-27 14:27:34 [http-nio-8080-exec-9] INFO  c.w.demo.controller.WealthController - 接收到統計數據請求: StartDate=null, EndDate=null
2024-12-27 14:27:34 [http-nio-8080-exec-9] INFO  com.wealth.demo.service.UserService - 查詢用戶 ID: 3
2024-12-27 14:27:34 [http-nio-8080-exec-9] INFO  com.wealth.demo.service.UserService - 用戶查詢成功: 456
2024-12-27 14:27:34 [http-nio-8080-exec-9] INFO  c.wealth.demo.service.WealthService - 開始計算用戶統計數據，User ID: 3
2024-12-27 14:27:34 [http-nio-8080-exec-9] INFO  c.wealth.demo.service.WealthService - 統計完成 - 總收入: 64487, 總支出: 38025, 結餘: 26462
2024-12-27 14:27:34 [http-nio-8080-exec-9] INFO  c.w.demo.controller.WealthController - 統計數據計算完成: {totalIncome=64487, balance=26462, totalExpense=38025}
2024-12-27 14:27:34 [http-nio-8080-exec-1] INFO  c.w.demo.controller.WealthController - 接收到統計數據請求: StartDate=null, EndDate=null
2024-12-27 14:27:34 [http-nio-8080-exec-1] INFO  com.wealth.demo.service.UserService - 查詢用戶 ID: 3
2024-12-27 14:27:34 [http-nio-8080-exec-1] INFO  com.wealth.demo.service.UserService - 用戶查詢成功: 456
2024-12-27 14:27:34 [http-nio-8080-exec-1] INFO  c.wealth.demo.service.WealthService - 開始計算用戶統計數據，User ID: 3
2024-12-27 14:27:34 [http-nio-8080-exec-1] INFO  c.wealth.demo.service.WealthService - 統計完成 - 總收入: 64487, 總支出: 38025, 結餘: 26462
2024-12-27 14:27:34 [http-nio-8080-exec-1] INFO  c.w.demo.controller.WealthController - 統計數據計算完成: {totalIncome=64487, balance=26462, totalExpense=38025}
2024-12-27 14:27:45 [http-nio-8080-exec-2] INFO  c.w.demo.controller.WealthController - 接收到新增收支紀錄請求: WealthDTO(id=null, amount=8888, timestamp=2024-12-27T06:27, note=, type=INCOME)
2024-12-27 14:27:45 [http-nio-8080-exec-2] INFO  com.wealth.demo.service.UserService - 查詢用戶 ID: 3
2024-12-27 14:27:45 [http-nio-8080-exec-2] INFO  com.wealth.demo.service.UserService - 用戶查詢成功: 456
2024-12-27 14:27:45 [http-nio-8080-exec-2] INFO  c.wealth.demo.service.WealthService - 創建收支記錄請求: WealthDTO(id=null, amount=8888, timestamp=2024-12-27T06:27, note=, type=INCOME)
2024-12-27 14:27:45 [http-nio-8080-exec-2] INFO  c.wealth.demo.service.WealthService - 成功創建收支記錄: Wealth(id=39, type=INCOME, amount=8888, timestamp=2024-12-27T06:27, note=)
2024-12-27 14:27:45 [http-nio-8080-exec-2] INFO  c.w.demo.controller.WealthController - 成功創建收支記錄
2024-12-27 14:27:45 [http-nio-8080-exec-10] INFO  c.w.demo.controller.WealthController - 接收到統計數據請求: StartDate=null, EndDate=null
2024-12-27 14:27:45 [http-nio-8080-exec-10] INFO  com.wealth.demo.service.UserService - 查詢用戶 ID: 3
2024-12-27 14:27:45 [http-nio-8080-exec-3] INFO  c.w.demo.controller.WealthController - 接收到分頁查詢請求: Start=0, Length=10, Search=, StartDate=, EndDate=
2024-12-27 14:27:45 [http-nio-8080-exec-3] INFO  com.wealth.demo.service.UserService - 查詢用戶 ID: 3
2024-12-27 14:27:45 [http-nio-8080-exec-10] INFO  com.wealth.demo.service.UserService - 用戶查詢成功: 456
2024-12-27 14:27:45 [http-nio-8080-exec-3] INFO  com.wealth.demo.service.UserService - 用戶查詢成功: 456
2024-12-27 14:27:45 [http-nio-8080-exec-10] INFO  c.wealth.demo.service.WealthService - 開始計算用戶統計數據，User ID: 3
2024-12-27 14:27:45 [http-nio-8080-exec-10] INFO  c.wealth.demo.service.WealthService - 統計完成 - 總收入: 73375, 總支出: 38025, 結餘: 35350
2024-12-27 14:27:45 [http-nio-8080-exec-10] INFO  c.w.demo.controller.WealthController - 統計數據計算完成: {totalIncome=73375, balance=35350, totalExpense=38025}
2024-12-27 14:27:45 [http-nio-8080-exec-4] INFO  c.w.demo.controller.WealthController - 接收到統計數據請求: StartDate=null, EndDate=null
2024-12-27 14:27:45 [http-nio-8080-exec-4] INFO  com.wealth.demo.service.UserService - 查詢用戶 ID: 3
2024-12-27 14:27:45 [http-nio-8080-exec-4] INFO  com.wealth.demo.service.UserService - 用戶查詢成功: 456
2024-12-27 14:27:45 [http-nio-8080-exec-4] INFO  c.wealth.demo.service.WealthService - 開始計算用戶統計數據，User ID: 3
2024-12-27 14:27:45 [http-nio-8080-exec-4] INFO  c.wealth.demo.service.WealthService - 統計完成 - 總收入: 73375, 總支出: 38025, 結餘: 35350
2024-12-27 14:27:45 [http-nio-8080-exec-4] INFO  c.w.demo.controller.WealthController - 統計數據計算完成: {totalIncome=73375, balance=35350, totalExpense=38025}
2024-12-27 14:27:45 [http-nio-8080-exec-5] INFO  c.w.demo.controller.WealthController - 接收到統計數據請求: StartDate=null, EndDate=null
2024-12-27 14:27:45 [http-nio-8080-exec-5] INFO  com.wealth.demo.service.UserService - 查詢用戶 ID: 3
2024-12-27 14:27:45 [http-nio-8080-exec-5] INFO  com.wealth.demo.service.UserService - 用戶查詢成功: 456
2024-12-27 14:27:45 [http-nio-8080-exec-5] INFO  c.wealth.demo.service.WealthService - 開始計算用戶統計數據，User ID: 3
2024-12-27 14:27:45 [http-nio-8080-exec-5] INFO  c.wealth.demo.service.WealthService - 統計完成 - 總收入: 73375, 總支出: 38025, 結餘: 35350
2024-12-27 14:27:45 [http-nio-8080-exec-5] INFO  c.w.demo.controller.WealthController - 統計數據計算完成: {totalIncome=73375, balance=35350, totalExpense=38025}
2024-12-27 14:27:48 [http-nio-8080-exec-6] INFO  c.w.demo.controller.WealthController - 接收到分頁查詢請求: Start=0, Length=10, Search=, StartDate=, EndDate=
2024-12-27 14:27:48 [http-nio-8080-exec-6] INFO  com.wealth.demo.service.UserService - 查詢用戶 ID: 3
2024-12-27 14:27:48 [http-nio-8080-exec-6] INFO  com.wealth.demo.service.UserService - 用戶查詢成功: 456
2024-12-27 14:27:48 [http-nio-8080-exec-8] INFO  c.w.demo.controller.WealthController - 接收到統計數據請求: StartDate=null, EndDate=null
2024-12-27 14:27:48 [http-nio-8080-exec-8] INFO  com.wealth.demo.service.UserService - 查詢用戶 ID: 3
2024-12-27 14:27:48 [http-nio-8080-exec-8] INFO  com.wealth.demo.service.UserService - 用戶查詢成功: 456
2024-12-27 14:27:48 [http-nio-8080-exec-8] INFO  c.wealth.demo.service.WealthService - 開始計算用戶統計數據，User ID: 3
2024-12-27 14:27:48 [http-nio-8080-exec-8] INFO  c.wealth.demo.service.WealthService - 統計完成 - 總收入: 73375, 總支出: 38025, 結餘: 35350
2024-12-27 14:27:48 [http-nio-8080-exec-8] INFO  c.w.demo.controller.WealthController - 統計數據計算完成: {totalIncome=73375, balance=35350, totalExpense=38025}
2024-12-27 14:27:49 [http-nio-8080-exec-7] INFO  c.w.demo.controller.WealthController - 接收到分頁查詢請求: Start=0, Length=10, Search=, StartDate=, EndDate=
2024-12-27 14:27:49 [http-nio-8080-exec-7] INFO  com.wealth.demo.service.UserService - 查詢用戶 ID: 3
2024-12-27 14:27:49 [http-nio-8080-exec-7] INFO  com.wealth.demo.service.UserService - 用戶查詢成功: 456
2024-12-27 14:27:49 [http-nio-8080-exec-9] INFO  c.w.demo.controller.WealthController - 接收到統計數據請求: StartDate=null, EndDate=null
2024-12-27 14:27:49 [http-nio-8080-exec-9] INFO  com.wealth.demo.service.UserService - 查詢用戶 ID: 3
2024-12-27 14:27:49 [http-nio-8080-exec-9] INFO  com.wealth.demo.service.UserService - 用戶查詢成功: 456
2024-12-27 14:27:49 [http-nio-8080-exec-9] INFO  c.wealth.demo.service.WealthService - 開始計算用戶統計數據，User ID: 3
2024-12-27 14:27:49 [http-nio-8080-exec-9] INFO  c.wealth.demo.service.WealthService - 統計完成 - 總收入: 73375, 總支出: 38025, 結餘: 35350
2024-12-27 14:27:49 [http-nio-8080-exec-9] INFO  c.w.demo.controller.WealthController - 統計數據計算完成: {totalIncome=73375, balance=35350, totalExpense=38025}
2024-12-27 14:28:02 [http-nio-8080-exec-10] INFO  com.wealth.demo.service.UserService - 查詢用戶 ID: 3
2024-12-27 14:28:02 [http-nio-8080-exec-10] INFO  com.wealth.demo.service.UserService - 用戶查詢成功: 456
2024-12-27 14:28:09 [http-nio-8080-exec-3] INFO  com.wealth.demo.service.UserService - 查詢用戶 ID: 3
2024-12-27 14:28:09 [http-nio-8080-exec-3] INFO  com.wealth.demo.service.UserService - 用戶查詢成功: 456
2024-12-27 14:28:10 [http-nio-8080-exec-4] INFO  com.wealth.demo.service.UserService - 查詢用戶 ID: 3
2024-12-27 14:28:10 [http-nio-8080-exec-4] INFO  com.wealth.demo.service.UserService - 用戶查詢成功: 456
2024-12-27 14:28:12 [http-nio-8080-exec-5] INFO  com.wealth.demo.service.UserService - 查詢用戶 ID: 3
2024-12-27 14:28:12 [http-nio-8080-exec-5] INFO  com.wealth.demo.service.UserService - 用戶查詢成功: 456
2024-12-27 14:28:13 [http-nio-8080-exec-6] INFO  com.wealth.demo.service.UserService - 查詢用戶 ID: 3
2024-12-27 14:28:13 [http-nio-8080-exec-6] INFO  com.wealth.demo.service.UserService - 用戶查詢成功: 456
2024-12-27 14:28:14 [http-nio-8080-exec-8] INFO  com.wealth.demo.service.UserService - 查詢用戶 ID: 3
2024-12-27 14:28:14 [http-nio-8080-exec-8] INFO  com.wealth.demo.service.UserService - 用戶查詢成功: 456
2024-12-27 14:28:15 [http-nio-8080-exec-7] INFO  com.wealth.demo.service.UserService - 查詢用戶 ID: 3
2024-12-27 14:28:15 [http-nio-8080-exec-7] INFO  com.wealth.demo.service.UserService - 用戶查詢成功: 456
2024-12-27 14:28:16 [http-nio-8080-exec-9] INFO  com.wealth.demo.service.UserService - 查詢用戶 ID: 3
2024-12-27 14:28:16 [http-nio-8080-exec-9] INFO  com.wealth.demo.service.UserService - 用戶查詢成功: 456
2024-12-27 14:28:30 [http-nio-8080-exec-1] INFO  com.wealth.demo.service.UserService - 查詢用戶 ID: 3
2024-12-27 14:28:30 [http-nio-8080-exec-1] INFO  com.wealth.demo.service.UserService - 用戶查詢成功: 456
2024-12-27 14:28:33 [http-nio-8080-exec-10] INFO  com.wealth.demo.service.UserService - 查詢用戶 ID: 3
2024-12-27 14:28:33 [http-nio-8080-exec-10] INFO  com.wealth.demo.service.UserService - 用戶查詢成功: 456
2024-12-27 14:28:34 [http-nio-8080-exec-5] INFO  c.w.demo.controller.WealthController - 接收到統計數據請求: StartDate=null, EndDate=null
2024-12-27 14:28:34 [http-nio-8080-exec-5] INFO  com.wealth.demo.service.UserService - 查詢用戶 ID: 3
2024-12-27 14:28:34 [http-nio-8080-exec-5] INFO  com.wealth.demo.service.UserService - 用戶查詢成功: 456
2024-12-27 14:28:34 [http-nio-8080-exec-5] INFO  c.wealth.demo.service.WealthService - 開始計算用戶統計數據，User ID: 3
2024-12-27 14:28:35 [http-nio-8080-exec-5] INFO  c.wealth.demo.service.WealthService - 統計完成 - 總收入: 73375, 總支出: 38025, 結餘: 35350
2024-12-27 14:28:35 [http-nio-8080-exec-5] INFO  c.w.demo.controller.WealthController - 統計數據計算完成: {totalIncome=73375, balance=35350, totalExpense=38025}
2024-12-27 14:28:35 [http-nio-8080-exec-6] INFO  c.w.demo.controller.WealthController - 接收到統計數據請求: StartDate=null, EndDate=null
2024-12-27 14:28:35 [http-nio-8080-exec-6] INFO  com.wealth.demo.service.UserService - 查詢用戶 ID: 3
2024-12-27 14:28:35 [http-nio-8080-exec-6] INFO  com.wealth.demo.service.UserService - 用戶查詢成功: 456
2024-12-27 14:28:35 [http-nio-8080-exec-6] INFO  c.wealth.demo.service.WealthService - 開始計算用戶統計數據，User ID: 3
2024-12-27 14:28:35 [http-nio-8080-exec-6] INFO  c.wealth.demo.service.WealthService - 統計完成 - 總收入: 73375, 總支出: 38025, 結餘: 35350
2024-12-27 14:28:35 [http-nio-8080-exec-6] INFO  c.w.demo.controller.WealthController - 統計數據計算完成: {totalIncome=73375, balance=35350, totalExpense=38025}
2024-12-27 14:28:35 [http-nio-8080-exec-8] INFO  c.w.demo.controller.WealthController - 接收到分頁查詢請求: Start=0, Length=10, Search=, StartDate=, EndDate=
2024-12-27 14:28:35 [http-nio-8080-exec-8] INFO  com.wealth.demo.service.UserService - 查詢用戶 ID: 3
2024-12-27 14:28:35 [http-nio-8080-exec-8] INFO  com.wealth.demo.service.UserService - 用戶查詢成功: 456
2024-12-27 14:28:35 [http-nio-8080-exec-7] INFO  c.w.demo.controller.WealthController - 接收到統計數據請求: StartDate=null, EndDate=null
2024-12-27 14:28:35 [http-nio-8080-exec-7] INFO  com.wealth.demo.service.UserService - 查詢用戶 ID: 3
2024-12-27 14:28:35 [http-nio-8080-exec-7] INFO  com.wealth.demo.service.UserService - 用戶查詢成功: 456
2024-12-27 14:28:35 [http-nio-8080-exec-7] INFO  c.wealth.demo.service.WealthService - 開始計算用戶統計數據，User ID: 3
2024-12-27 14:28:35 [http-nio-8080-exec-7] INFO  c.wealth.demo.service.WealthService - 統計完成 - 總收入: 73375, 總支出: 38025, 結餘: 35350
2024-12-27 14:28:35 [http-nio-8080-exec-7] INFO  c.w.demo.controller.WealthController - 統計數據計算完成: {totalIncome=73375, balance=35350, totalExpense=38025}
2024-12-27 14:28:39 [http-nio-8080-exec-9] INFO  com.wealth.demo.service.UserService - 查詢用戶 ID: 3
2024-12-27 14:28:39 [http-nio-8080-exec-9] INFO  com.wealth.demo.service.UserService - 用戶查詢成功: 456
